#
# There is insufficient memory for the Java Runtime Environment to continue.
# Native memory allocation (malloc) failed to allocate 32744 bytes for ChunkPool::allocate
# Possible reasons:
#   The system is out of physical RAM or swap space
#   The process is running with CompressedOops enabled, and the Java Heap may be blocking the growth of the native heap
# Possible solutions:
#   Reduce memory load on the system
#   Increase physical memory or swap space
#   Check if swap backing store is full
#   Decrease Java heap size (-Xmx/-Xms)
#   Decrease number of Java threads
#   Decrease Java thread stack sizes (-Xss)
#   Set larger code cache with -XX:ReservedCodeCacheSize=
#   JVM is running with Unscaled Compressed Oops mode in which the Java heap is
#     placed in the first 4GB address space. The Java Heap base address is the
#     maximum limit for the native heap growth. Please use -XX:HeapBaseMinAddress
#     to set the Java Heap base and to place the Java Heap above 4GB virtual address.
# This output file may be truncated or incomplete.
#
#  Out of Memory Error (t:/workspace/open/src/hotspot/share/memory/arena.cpp:80), pid=18700, tid=8572
#
# JRE version: Java(TM) SE Runtime Environment (13.0.2+8) (build 13.0.2+8)
# Java VM: Java HotSpot(TM) 64-Bit Server VM (13.0.2+8, mixed mode, sharing, tiered, compressed oops, g1 gc, windows-amd64)
# No core dump will be written. Minidumps are not enabled by default on client versions of Windows
#

---------------  S U M M A R Y ------------

Command Line: -agentlib:jdwp=transport=dt_socket,suspend=y,address=localhost:14062 -javaagent:C:\Users\JMKIM\eclipse\jee-2019-12\eclipse\configuration\org.eclipse.osgi\411\0\.cp\lib\javaagent-shaded.jar -Dfile.encoding=MS949 da.Hello

Host: AMD Ryzen 3 2200U with Radeon Vega Mobile Gfx  , 4 cores, 3G,  Windows 10 , 64 bit Build 18362 (10.0.18362.329)
Time: Fri Mar 13 18:25:06 2020 ¢¥eCN©öI¡¾©ö C¡ÍA¨ª¨öA elapsed time: 0 seconds (0d 0h 0m 0s)

---------------  T H R E A D  ---------------

Current thread (0x00000188e92c4000):  JavaThread "C1 CompilerThread0" daemon [_thread_in_native, id=8572, stack(0x0000005f1eb00000,0x0000005f1ec00000)]


Current CompileTask:
C1:    138   22       3       java.util.Set::of (68 bytes)

Stack: [0x0000005f1eb00000,0x0000005f1ec00000]
Native frames: (J=compiled Java code, j=interpreted, Vv=VM code, C=native code)
V  [jvm.dll+0x624f9a]
V  [jvm.dll+0x770cfa]
V  [jvm.dll+0x7724af]
V  [jvm.dll+0x772ab3]
V  [jvm.dll+0x24bf08]
V  [jvm.dll+0xc2076]
V  [jvm.dll+0xc23cc]
V  [jvm.dll+0xd042a]
V  [jvm.dll+0x16c425]
V  [jvm.dll+0x16be47]
V  [jvm.dll+0x16e98f]
V  [jvm.dll+0x170421]
V  [jvm.dll+0x12a165]
V  [jvm.dll+0x1299df]
V  [jvm.dll+0x129c0f]
V  [jvm.dll+0x128ea7]
V  [jvm.dll+0x12adc7]
V  [jvm.dll+0x213e6d]
V  [jvm.dll+0x2120bb]
V  [jvm.dll+0x736bb6]
V  [jvm.dll+0x72fcaa]
V  [jvm.dll+0x623ea6]
C  [ucrtbase.dll+0x20e72]
C  [KERNEL32.DLL+0x17bd4]
C  [ntdll.dll+0x6ced1]


---------------  P R O C E S S  ---------------

Threads class SMR info:
_java_thread_list=0x00000188e93eda60, length=9, elements={
0x00000188cd0a1000, 0x00000188e922f800, 0x00000188e9233800, 0x00000188e9254800,
0x00000188e9255800, 0x00000188e9256800, 0x00000188e92c4000, 0x00000188e92cb800,
0x00000188e93f5800
}

Java Threads: ( => current thread )
  0x00000188cd0a1000 JavaThread "main" [_thread_in_vm, id=12796, stack(0x0000005f1df00000,0x0000005f1e000000)]
  0x00000188e922f800 JavaThread "Reference Handler" daemon [_thread_blocked, id=19052, stack(0x0000005f1e600000,0x0000005f1e700000)]
  0x00000188e9233800 JavaThread "Finalizer" daemon [_thread_blocked, id=18912, stack(0x0000005f1e700000,0x0000005f1e800000)]
  0x00000188e9254800 JavaThread "Signal Dispatcher" daemon [_thread_blocked, id=15636, stack(0x0000005f1e800000,0x0000005f1e900000)]
  0x00000188e9255800 JavaThread "Attach Listener" daemon [_thread_blocked, id=8700, stack(0x0000005f1e900000,0x0000005f1ea00000)]
  0x00000188e9256800 JavaThread "C2 CompilerThread0" daemon [_thread_blocked, id=6552, stack(0x0000005f1ea00000,0x0000005f1eb00000)]
=>0x00000188e92c4000 JavaThread "C1 CompilerThread0" daemon [_thread_in_native, id=8572, stack(0x0000005f1eb00000,0x0000005f1ec00000)]
  0x00000188e92cb800 JavaThread "Sweeper thread" daemon [_thread_blocked, id=3300, stack(0x0000005f1ec00000,0x0000005f1ed00000)]
  0x00000188e93f5800 JavaThread "Common-Cleaner" daemon [_thread_blocked, id=20288, stack(0x0000005f1ed00000,0x0000005f1ee00000)]

Other Threads:
  0x00000188e922e800 VMThread "VM Thread" [stack: 0x0000005f1e500000,0x0000005f1e600000] [id=16444]
  0x00000188cb02e800 GCTaskThread "GC Thread#0" [stack: 0x0000005f1e000000,0x0000005f1e100000] [id=13760]
  0x00000188cd0d4000 ConcurrentGCThread "G1 Main Marker" [stack: 0x0000005f1e100000,0x0000005f1e200000] [id=9636]
  0x00000188cd0d5800 ConcurrentGCThread "G1 Conc#0" [stack: 0x0000005f1e200000,0x0000005f1e300000] [id=19728]
  0x00000188cd119000 ConcurrentGCThread "G1 Refine#0" [stack: 0x0000005f1e300000,0x0000005f1e400000] [id=3620]
  0x00000188cd11b000 ConcurrentGCThread "G1 Young RemSet Sampling" [stack: 0x0000005f1e400000,0x0000005f1e500000] [id=15280]

Threads with active compile tasks:
C1 CompilerThread0      188   22       3       java.util.Set::of (68 bytes)

VM state:not at safepoint (normal execution)

VM Mutex/Monitor currently owned by a thread: None

Heap address: 0x00000000c8c00000, size: 884 MB, Compressed Oops mode: 32-bit
Narrow klass base: 0x0000000800000000, Narrow klass shift: 3
Compressed class space size: 1073741824 Address: 0x0000000800b40000

Heap:
 garbage-first heap   total 57344K, used 0K [0x00000000c8c00000, 0x0000000100000000)
  region size 1024K, 1 young (1024K), 0 survivors (0K)
 Metaspace       used 265K, capacity 4505K, committed 4864K, reserved 1056768K
  class space    used 28K, capacity 393K, committed 512K, reserved 1048576K
Heap Regions: E=young(eden), S=young(survivor), O=old, HS=humongous(starts), HC=humongous(continues), CS=collection set, F=free, A=archive, TAMS=top-at-mark-start (previous, next)
|   0|0x00000000c8c00000, 0x00000000c8c00000, 0x00000000c8d00000|  0%| F|  |TAMS 0x00000000c8c00000, 0x00000000c8c00000| Untracked 
|   1|0x00000000c8d00000, 0x00000000c8d00000, 0x00000000c8e00000|  0%| F|  |TAMS 0x00000000c8d00000, 0x00000000c8d00000| Untracked 
|   2|0x00000000c8e00000, 0x00000000c8e00000, 0x00000000c8f00000|  0%| F|  |TAMS 0x00000000c8e00000, 0x00000000c8e00000| Untracked 
|   3|0x00000000c8f00000, 0x00000000c8f00000, 0x00000000c9000000|  0%| F|  |TAMS 0x00000000c8f00000, 0x00000000c8f00000| Untracked 
|   4|0x00000000c9000000, 0x00000000c9000000, 0x00000000c9100000|  0%| F|  |TAMS 0x00000000c9000000, 0x00000000c9000000| Untracked 
|   5|0x00000000c9100000, 0x00000000c9100000, 0x00000000c9200000|  0%| F|  |TAMS 0x00000000c9100000, 0x00000000c9100000| Untracked 
|   6|0x00000000c9200000, 0x00000000c9200000, 0x00000000c9300000|  0%| F|  |TAMS 0x00000000c9200000, 0x00000000c9200000| Untracked 
|   7|0x00000000c9300000, 0x00000000c9300000, 0x00000000c9400000|  0%| F|  |TAMS 0x00000000c9300000, 0x00000000c9300000| Untracked 
|   8|0x00000000c9400000, 0x00000000c9400000, 0x00000000c9500000|  0%| F|  |TAMS 0x00000000c9400000, 0x00000000c9400000| Untracked 
|   9|0x00000000c9500000, 0x00000000c9500000, 0x00000000c9600000|  0%| F|  |TAMS 0x00000000c9500000, 0x00000000c9500000| Untracked 
|  10|0x00000000c9600000, 0x00000000c9600000, 0x00000000c9700000|  0%| F|  |TAMS 0x00000000c9600000, 0x00000000c9600000| Untracked 
|  11|0x00000000c9700000, 0x00000000c9700000, 0x00000000c9800000|  0%| F|  |TAMS 0x00000000c9700000, 0x00000000c9700000| Untracked 
|  12|0x00000000c9800000, 0x00000000c9800000, 0x00000000c9900000|  0%| F|  |TAMS 0x00000000c9800000, 0x00000000c9800000| Untracked 
|  13|0x00000000c9900000, 0x00000000c9900000, 0x00000000c9a00000|  0%| F|  |TAMS 0x00000000c9900000, 0x00000000c9900000| Untracked 
|  14|0x00000000c9a00000, 0x00000000c9a00000, 0x00000000c9b00000|  0%| F|  |TAMS 0x00000000c9a00000, 0x00000000c9a00000| Untracked 
|  15|0x00000000c9b00000, 0x00000000c9b00000, 0x00000000c9c00000|  0%| F|  |TAMS 0x00000000c9b00000, 0x00000000c9b00000| Untracked 
|  16|0x00000000c9c00000, 0x00000000c9c00000, 0x00000000c9d00000|  0%| F|  |TAMS 0x00000000c9c00000, 0x00000000c9c00000| Untracked 
|  17|0x00000000c9d00000, 0x00000000c9d00000, 0x00000000c9e00000|  0%| F|  |TAMS 0x00000000c9d00000, 0x00000000c9d00000| Untracked 
|  18|0x00000000c9e00000, 0x00000000c9e00000, 0x00000000c9f00000|  0%| F|  |TAMS 0x00000000c9e00000, 0x00000000c9e00000| Untracked 
|  19|0x00000000c9f00000, 0x00000000c9f00000, 0x00000000ca000000|  0%| F|  |TAMS 0x00000000c9f00000, 0x00000000c9f00000| Untracked 
|  20|0x00000000ca000000, 0x00000000ca000000, 0x00000000ca100000|  0%| F|  |TAMS 0x00000000ca000000, 0x00000000ca000000| Untracked 
|  21|0x00000000ca100000, 0x00000000ca100000, 0x00000000ca200000|  0%| F|  |TAMS 0x00000000ca100000, 0x00000000ca100000| Untracked 
|  22|0x00000000ca200000, 0x00000000ca200000, 0x00000000ca300000|  0%| F|  |TAMS 0x00000000ca200000, 0x00000000ca200000| Untracked 
|  23|0x00000000ca300000, 0x00000000ca300000, 0x00000000ca400000|  0%| F|  |TAMS 0x00000000ca300000, 0x00000000ca300000| Untracked 
|  24|0x00000000ca400000, 0x00000000ca400000, 0x00000000ca500000|  0%| F|  |TAMS 0x00000000ca400000, 0x00000000ca400000| Untracked 
|  25|0x00000000ca500000, 0x00000000ca500000, 0x00000000ca600000|  0%| F|  |TAMS 0x00000000ca500000, 0x00000000ca500000| Untracked 
|  26|0x00000000ca600000, 0x00000000ca600000, 0x00000000ca700000|  0%| F|  |TAMS 0x00000000ca600000, 0x00000000ca600000| Untracked 
|  27|0x00000000ca700000, 0x00000000ca700000, 0x00000000ca800000|  0%| F|  |TAMS 0x00000000ca700000, 0x00000000ca700000| Untracked 
|  28|0x00000000ca800000, 0x00000000ca800000, 0x00000000ca900000|  0%| F|  |TAMS 0x00000000ca800000, 0x00000000ca800000| Untracked 
|  29|0x00000000ca900000, 0x00000000ca900000, 0x00000000caa00000|  0%| F|  |TAMS 0x00000000ca900000, 0x00000000ca900000| Untracked 
|  30|0x00000000caa00000, 0x00000000caa00000, 0x00000000cab00000|  0%| F|  |TAMS 0x00000000caa00000, 0x00000000caa00000| Untracked 
|  31|0x00000000cab00000, 0x00000000cab00000, 0x00000000cac00000|  0%| F|  |TAMS 0x00000000cab00000, 0x00000000cab00000| Untracked 
|  32|0x00000000cac00000, 0x00000000cac00000, 0x00000000cad00000|  0%| F|  |TAMS 0x00000000cac00000, 0x00000000cac00000| Untracked 
|  33|0x00000000cad00000, 0x00000000cad00000, 0x00000000cae00000|  0%| F|  |TAMS 0x00000000cad00000, 0x00000000cad00000| Untracked 
|  34|0x00000000cae00000, 0x00000000cae00000, 0x00000000caf00000|  0%| F|  |TAMS 0x00000000cae00000, 0x00000000cae00000| Untracked 
|  35|0x00000000caf00000, 0x00000000caf00000, 0x00000000cb000000|  0%| F|  |TAMS 0x00000000caf00000, 0x00000000caf00000| Untracked 
|  36|0x00000000cb000000, 0x00000000cb000000, 0x00000000cb100000|  0%| F|  |TAMS 0x00000000cb000000, 0x00000000cb000000| Untracked 
|  37|0x00000000cb100000, 0x00000000cb100000, 0x00000000cb200000|  0%| F|  |TAMS 0x00000000cb100000, 0x00000000cb100000| Untracked 
|  38|0x00000000cb200000, 0x00000000cb200000, 0x00000000cb300000|  0%| F|  |TAMS 0x00000000cb200000, 0x00000000cb200000| Untracked 
|  39|0x00000000cb300000, 0x00000000cb300000, 0x00000000cb400000|  0%| F|  |TAMS 0x00000000cb300000, 0x00000000cb300000| Untracked 
|  40|0x00000000cb400000, 0x00000000cb400000, 0x00000000cb500000|  0%| F|  |TAMS 0x00000000cb400000, 0x00000000cb400000| Untracked 
|  41|0x00000000cb500000, 0x00000000cb500000, 0x00000000cb600000|  0%| F|  |TAMS 0x00000000cb500000, 0x00000000cb500000| Untracked 
|  42|0x00000000cb600000, 0x00000000cb600000, 0x00000000cb700000|  0%| F|  |TAMS 0x00000000cb600000, 0x00000000cb600000| Untracked 
|  43|0x00000000cb700000, 0x00000000cb700000, 0x00000000cb800000|  0%| F|  |TAMS 0x00000000cb700000, 0x00000000cb700000| Untracked 
|  44|0x00000000cb800000, 0x00000000cb800000, 0x00000000cb900000|  0%| F|  |TAMS 0x00000000cb800000, 0x00000000cb800000| Untracked 
|  45|0x00000000cb900000, 0x00000000cb900000, 0x00000000cba00000|  0%| F|  |TAMS 0x00000000cb900000, 0x00000000cb900000| Untracked 
|  46|0x00000000cba00000, 0x00000000cba00000, 0x00000000cbb00000|  0%| F|  |TAMS 0x00000000cba00000, 0x00000000cba00000| Untracked 
|  47|0x00000000cbb00000, 0x00000000cbb00000, 0x00000000cbc00000|  0%| F|  |TAMS 0x00000000cbb00000, 0x00000000cbb00000| Untracked 
|  48|0x00000000cbc00000, 0x00000000cbc00000, 0x00000000cbd00000|  0%| F|  |TAMS 0x00000000cbc00000, 0x00000000cbc00000| Untracked 
|  49|0x00000000cbd00000, 0x00000000cbd00000, 0x00000000cbe00000|  0%| F|  |TAMS 0x00000000cbd00000, 0x00000000cbd00000| Untracked 
|  50|0x00000000cbe00000, 0x00000000cbe00000, 0x00000000cbf00000|  0%| F|  |TAMS 0x00000000cbe00000, 0x00000000cbe00000| Untracked 
|  51|0x00000000cbf00000, 0x00000000cbf00000, 0x00000000cc000000|  0%| F|  |TAMS 0x00000000cbf00000, 0x00000000cbf00000| Untracked 
|  52|0x00000000cc000000, 0x00000000cc000000, 0x00000000cc100000|  0%| F|  |TAMS 0x00000000cc000000, 0x00000000cc000000| Untracked 
|  53|0x00000000cc100000, 0x00000000cc100000, 0x00000000cc200000|  0%| F|  |TAMS 0x00000000cc100000, 0x00000000cc100000| Untracked 
|  54|0x00000000cc200000, 0x00000000cc200000, 0x00000000cc300000|  0%| F|  |TAMS 0x00000000cc200000, 0x00000000cc200000| Untracked 
|  55|0x00000000cc300000, 0x00000000cc400000, 0x00000000cc400000|100%| E|  |TAMS 0x00000000cc300000, 0x00000000cc300000| Complete 

Card table byte_map: [0x00000188e45a0000,0x00000188e4760000] _byte_map_base: 0x00000188e3f5a000

Marking Bits (Prev, Next): (CMBitMap*) 0x00000188cd0cc3b8, (CMBitMap*) 0x00000188cd0cc3f8
 Prev Bits: [0x00000188e4920000, 0x00000188e56f0000)
 Next Bits: [0x00000188e56f0000, 0x00000188e64c0000)

Polling page: 0x00000188caf00000

Metaspace:

Usage:
  Non-class:      4.02 MB capacity,   245.71 KB (  6%) used,     3.78 MB ( 94%) free+waste,     1.63 KB ( <1%) overhead. 
      Class:    398.00 KB capacity,    31.33 KB (  8%) used,   365.73 KB ( 92%) free+waste,   960 bytes ( <1%) overhead. 
       Both:      4.41 MB capacity,   277.04 KB (  6%) used,     4.14 MB ( 94%) free+waste,     2.56 KB ( <1%) overhead. 

Virtual space:
  Non-class space:        8.00 MB reserved,       4.25 MB ( 53%) committed 
      Class space:        1.00 GB reserved,     512.00 KB ( <1%) committed 
             Both:        1.01 GB reserved,       4.75 MB ( <1%) committed 

Chunk freelists:
   Non-Class:  0 bytes
       Class:  0 bytes
        Both:  0 bytes

MaxMetaspaceSize: 17179869184.00 GB
CompressedClassSpaceSize: 1.00 GB

CodeHeap 'non-profiled nmethods': size=120000Kb used=18Kb max_used=18Kb free=119981Kb
 bounds [0x00000188dd070000, 0x00000188dd2e0000, 0x00000188e45a0000]
CodeHeap 'profiled nmethods': size=120000Kb used=28Kb max_used=28Kb free=119971Kb
 bounds [0x00000188d5b40000, 0x00000188d5db0000, 0x00000188dd070000]
CodeHeap 'non-nmethods': size=5760Kb used=1168Kb max_used=1168Kb free=4591Kb
 bounds [0x00000188d55a0000, 0x00000188d5810000, 0x00000188d5b40000]
 total_blobs=651 nmethods=41 adapters=225
 compilation: enabled
              stopped_count=0, restarted_count=0
 full_count=0

Compilation events (20 events):
Event: 0.127 Thread 0x00000188e92c4000 nmethod 11 0x00000188d5b44190 code [0x00000188d5b44340, 0x00000188d5b44630]
Event: 0.127 Thread 0x00000188e92c4000   12       3       java.lang.StringLatin1::equals (36 bytes)
Event: 0.128 Thread 0x00000188e92c4000 nmethod 12 0x00000188d5b44710 code [0x00000188d5b448c0, 0x00000188d5b44b98]
Event: 0.128 Thread 0x00000188e92c4000   13       3       java.util.Set::of (4 bytes)
Event: 0.128 Thread 0x00000188e92c4000 nmethod 13 0x00000188d5b44c90 code [0x00000188d5b44e20, 0x00000188d5b44f78]
Event: 0.128 Thread 0x00000188e92c4000   14       3       java.lang.module.ModuleDescriptor$Exports::<init> (20 bytes)
Event: 0.128 Thread 0x00000188e92c4000 nmethod 14 0x00000188d5b45010 code [0x00000188d5b451c0, 0x00000188d5b454b8]
Event: 0.128 Thread 0x00000188e9256800   15       4       java.lang.StringLatin1::hashCode (42 bytes)
Event: 0.128 Thread 0x00000188e92c4000   16       3       java.lang.module.ModuleDescriptor$Exports::hashCode (38 bytes)
Event: 0.129 Thread 0x00000188e92c4000 nmethod 16 0x00000188d5b45590 code [0x00000188d5b45760, 0x00000188d5b45b10]
Event: 0.129 Thread 0x00000188e92c4000   17       3       java.util.Objects::requireNonNull (14 bytes)
Event: 0.129 Thread 0x00000188e92c4000 nmethod 17 0x00000188d5b45c90 code [0x00000188d5b45e40, 0x00000188d5b46090]
Event: 0.130 Thread 0x00000188e92c4000   18       3       java.util.AbstractCollection::<init> (5 bytes)
Event: 0.130 Thread 0x00000188e92c4000 nmethod 18 0x00000188d5b46190 code [0x00000188d5b46340, 0x00000188d5b46518]
Event: 0.130 Thread 0x00000188e92c4000   19       3       java.util.ImmutableCollections$AbstractImmutableCollection::<init> (5 bytes)
Event: 0.130 Thread 0x00000188e92c4000 nmethod 19 0x00000188d5b46610 code [0x00000188d5b467c0, 0x00000188d5b469f8]
Event: 0.131 Thread 0x00000188e92c4000   20       3       java.util.ImmutableCollections$AbstractImmutableSet::<init> (5 bytes)
Event: 0.131 Thread 0x00000188e92c4000 nmethod 20 0x00000188d5b46b10 code [0x00000188d5b46cc0, 0x00000188d5b46f58]
Event: 0.132 Thread 0x00000188e92c4000   22       3       java.util.Set::of (68 bytes)
Event: 0.133 Thread 0x00000188e9256800 nmethod 15 0x00000188dd070010 code [0x00000188dd0701a0, 0x00000188dd0703b8]

GC Heap History (0 events):
No events

Deoptimization events (0 events):
No events

Classes unloaded (0 events):
No events

Classes redefined (0 events):
No events

Internal exceptions (0 events):
No events

Events (20 events):
Event: 0.024 Loaded shared library C:\Program Files\Java\jdk-13.0.2\bin\zip.dll
Event: 0.025 Loaded shared library C:\Program Files\Java\jdk-13.0.2\bin\jimage.dll
Event: 0.060 Thread 0x00000188cd0a1000 Thread added: 0x00000188cd0a1000
Event: 0.064 Thread 0x00000188e922f800 Thread added: 0x00000188e922f800
Event: 0.064 Thread 0x00000188e9233800 Thread added: 0x00000188e9233800
Event: 0.073 loading class sun/nio/cs/MS949
Event: 0.073 loading class sun/nio/cs/MS949 done
Event: 0.075 loading class sun/nio/cs/DoubleByte
Event: 0.075 loading class sun/nio/cs/DoubleByte done
Event: 0.079 loading class sun/nio/cs/DoubleByte$Decoder
Event: 0.079 loading class sun/nio/cs/DelegatableDecoder
Event: 0.079 loading class sun/nio/cs/DelegatableDecoder done
Event: 0.079 loading class sun/nio/cs/DoubleByte$Decoder done
Event: 0.082 loading class sun/nio/cs/DoubleByte$Encoder
Event: 0.082 loading class sun/nio/cs/DoubleByte$Encoder done
Event: 0.092 Thread 0x00000188e9254800 Thread added: 0x00000188e9254800
Event: 0.092 Thread 0x00000188e9255800 Thread added: 0x00000188e9255800
Event: 0.092 Thread 0x00000188e9256800 Thread added: 0x00000188e9256800
Event: 0.114 Thread 0x00000188e92c4000 Thread added: 0x00000188e92c4000
Event: 0.116 Thread 0x00000188e92cb800 Thread added: 0x00000188e92cb800


Dynamic libraries:
0x00007ff78bef0000 - 0x00007ff78beff000 	C:\Program Files\Java\jdk-13.0.2\bin\javaw.exe
0x00007ff8254c0000 - 0x00007ff8256b0000 	C:\WINDOWS\SYSTEM32\ntdll.dll
0x00007ff824d60000 - 0x00007ff824e12000 	C:\WINDOWS\System32\KERNEL32.DLL
0x00007ff822df0000 - 0x00007ff823093000 	C:\WINDOWS\System32\KERNELBASE.dll
0x00007ff823230000 - 0x00007ff82332a000 	C:\WINDOWS\System32\ucrtbase.dll
0x00007ff81d020000 - 0x00007ff81d038000 	C:\Program Files\Java\jdk-13.0.2\bin\jli.dll
0x00007ff8235a0000 - 0x00007ff823643000 	C:\WINDOWS\System32\ADVAPI32.dll
0x00007ff824ea0000 - 0x00007ff824f3e000 	C:\WINDOWS\System32\msvcrt.dll
0x00007ff8239e0000 - 0x00007ff823a77000 	C:\WINDOWS\System32\sechost.dll
0x00007ff823b00000 - 0x00007ff823c20000 	C:\WINDOWS\System32\RPCRT4.dll
0x00007ff823d70000 - 0x00007ff823f04000 	C:\WINDOWS\System32\USER32.dll
0x00007ff822dc0000 - 0x00007ff822de1000 	C:\WINDOWS\System32\win32u.dll
0x00007ff823790000 - 0x00007ff8237b6000 	C:\WINDOWS\System32\GDI32.dll
0x00007ff822bd0000 - 0x00007ff822d64000 	C:\WINDOWS\System32\gdi32full.dll
0x00007ff823480000 - 0x00007ff82351e000 	C:\WINDOWS\System32\msvcp_win.dll
0x00007ff81d380000 - 0x00007ff81d395000 	C:\Program Files\Java\jdk-13.0.2\bin\VCRUNTIME140.dll
0x00007ff814700000 - 0x00007ff814985000 	C:\WINDOWS\WinSxS\amd64_microsoft.windows.common-controls_6595b64144ccf1df_6.0.18362.657_none_e6c5b579130e3898\COMCTL32.dll
0x00007ff8240a0000 - 0x00007ff8243d6000 	C:\WINDOWS\System32\combase.dll
0x00007ff8231b0000 - 0x00007ff823230000 	C:\WINDOWS\System32\bcryptPrimitives.dll
0x00007ff81a0e0000 - 0x00007ff81a0ea000 	C:\WINDOWS\SYSTEM32\VERSION.dll
0x00007ff823570000 - 0x00007ff82359e000 	C:\WINDOWS\System32\IMM32.DLL
0x00007ff809aa0000 - 0x00007ff809b3b000 	C:\Program Files\Java\jdk-13.0.2\bin\msvcp140.dll
0x00007fffe70c0000 - 0x00007fffe7c1d000 	C:\Program Files\Java\jdk-13.0.2\bin\server\jvm.dll
0x00007ff824660000 - 0x00007ff824668000 	C:\WINDOWS\System32\PSAPI.DLL
0x00007ff81d0a0000 - 0x00007ff81d0a9000 	C:\WINDOWS\SYSTEM32\WSOCK32.dll
0x00007ff824440000 - 0x00007ff8244af000 	C:\WINDOWS\System32\WS2_32.dll
0x00007ff8203e0000 - 0x00007ff820404000 	C:\WINDOWS\SYSTEM32\WINMM.dll
0x00007ff8203b0000 - 0x00007ff8203dd000 	C:\WINDOWS\SYSTEM32\WINMMBASE.dll
0x00007ff822d70000 - 0x00007ff822dba000 	C:\WINDOWS\System32\cfgmgr32.dll
0x00007ff822430000 - 0x00007ff822441000 	C:\WINDOWS\System32\kernel.appcore.dll
0x00007ff81cfb0000 - 0x00007ff81cfc0000 	C:\Program Files\Java\jdk-13.0.2\bin\verify.dll
0x00007ff811800000 - 0x00007ff8119f4000 	C:\WINDOWS\SYSTEM32\DBGHELP.DLL
0x00007ff80fb90000 - 0x00007ff80fbba000 	C:\WINDOWS\SYSTEM32\dbgcore.DLL
0x00007ff81a9f0000 - 0x00007ff81aa16000 	C:\Program Files\Java\jdk-13.0.2\bin\java.dll
0x00007ff81bdb0000 - 0x00007ff81bde8000 	C:\Program Files\Java\jdk-13.0.2\bin\jdwp.dll
0x00007ff81d3c0000 - 0x00007ff81d3ce000 	C:\Program Files\Java\jdk-13.0.2\bin\instrument.dll
0x00007ff81cbe0000 - 0x00007ff81cbf7000 	C:\Program Files\Java\jdk-13.0.2\bin\zip.dll
0x00007ff81cf90000 - 0x00007ff81cf9a000 	C:\Program Files\Java\jdk-13.0.2\bin\jimage.dll
0x00007ff824670000 - 0x00007ff824d55000 	C:\WINDOWS\System32\SHELL32.dll
0x00007ff823f20000 - 0x00007ff823fc9000 	C:\WINDOWS\System32\shcore.dll
0x00007ff822450000 - 0x00007ff822bcf000 	C:\WINDOWS\System32\windows.storage.dll
0x00007ff822410000 - 0x00007ff82242f000 	C:\WINDOWS\System32\profapi.dll
0x00007ff8223a0000 - 0x00007ff8223ea000 	C:\WINDOWS\System32\powrprof.dll
0x00007ff822390000 - 0x00007ff8223a0000 	C:\WINDOWS\System32\UMPDC.dll
0x00007ff823980000 - 0x00007ff8239d2000 	C:\WINDOWS\System32\shlwapi.dll
0x00007ff823550000 - 0x00007ff823567000 	C:\WINDOWS\System32\cryptsp.dll

dbghelp: loaded successfully - version: 4.0.5 - missing functions: none
symbol engine: initialized successfully - sym options: 0x614 - pdb path: .;C:\Program Files\Java\jdk-13.0.2\bin;C:\WINDOWS\SYSTEM32;C:\WINDOWS\WinSxS\amd64_microsoft.windows.common-controls_6595b64144ccf1df_6.0.18362.657_none_e6c5b579130e3898;C:\Program Files\Java\jdk-13.0.2\bin\server

VM Arguments:
jvm_args: -agentlib:jdwp=transport=dt_socket,suspend=y,address=localhost:14062 -javaagent:C:\Users\JMKIM\eclipse\jee-2019-12\eclipse\configuration\org.eclipse.osgi\411\0\.cp\lib\javaagent-shaded.jar -Dfile.encoding=MS949 
java_command: da.Hello
java_class_path (initial): C:\Users\JMKIM\eclipse-workspace\da\bin
Launcher Type: SUN_STANDARD

[Global flags]
     intx CICompilerCount                          = 3                                         {product} {ergonomic}
     uint ConcGCThreads                            = 1                                         {product} {ergonomic}
     uint G1ConcRefinementThreads                  = 4                                         {product} {ergonomic}
   size_t G1HeapRegionSize                         = 1048576                                   {product} {ergonomic}
    uintx GCDrainStackTargetSize                   = 64                                        {product} {ergonomic}
   size_t InitialHeapSize                          = 58720256                                  {product} {ergonomic}
   size_t MarkStackSize                            = 4194304                                   {product} {ergonomic}
   size_t MaxHeapSize                              = 926941184                                 {product} {ergonomic}
   size_t MaxNewSize                               = 555745280                                 {product} {ergonomic}
   size_t MinHeapDeltaBytes                        = 1048576                                   {product} {ergonomic}
   size_t MinHeapSize                              = 8388608                                   {product} {ergonomic}
    uintx NonNMethodCodeHeapSize                   = 5832780                                {pd product} {ergonomic}
    uintx NonProfiledCodeHeapSize                  = 122912730                              {pd product} {ergonomic}
    uintx ProfiledCodeHeapSize                     = 122912730                              {pd product} {ergonomic}
    uintx ReservedCodeCacheSize                    = 251658240                              {pd product} {ergonomic}
     bool SegmentedCodeCache                       = true                                      {product} {ergonomic}
   size_t SoftMaxHeapSize                          = 926941184                              {manageable} {ergonomic}
     bool UseCompressedClassPointers               = true                                 {lp64_product} {ergonomic}
     bool UseCompressedOops                        = true                                 {lp64_product} {ergonomic}
     bool UseG1GC                                  = true                                      {product} {ergonomic}
     bool UseLargePagesIndividualAllocation        = false                                  {pd product} {ergonomic}

Logging:
Log output configuration:
 #0: stdout all=warning uptime,level,tags
 #1: stderr all=off uptime,level,tags

Environment Variables:
PATH=C:/Program Files/Java/jdk-13.0.2/bin/server;C:/Program Files/Java/jdk-13.0.2/bin;C:\WINDOWS\system32;C:\WINDOWS;C:\WINDOWS\System32\Wbem;C:\WINDOWS\System32\WindowsPowerShell\v1.0\;C:\WINDOWS\System32\OpenSSH\;C:\Program Files\Intel\WiFi\bin\;C:\Program Files\Common Files\Intel\WirelessCommon\;C:\Users\JMKIM\AppData\Local\Microsoft\WindowsApps;;C:\WINDOWS\System32;
USERNAME=JMKIM
OS=Windows_NT
PROCESSOR_IDENTIFIER=AMD64 Family 23 Model 17 Stepping 0, AuthenticAMD



---------------  S Y S T E M  ---------------

OS: Windows 10 , 64 bit Build 18362 (10.0.18362.329)

CPU:total 4 (initial active 4) (4 cores per cpu, 2 threads per core) family 23 model 17 stepping 0, cmov, cx8, fxsr, mmx, sse, sse2, sse3, ssse3, sse4.1, sse4.2, popcnt, avx, avx2, aes, clmul, mmxext, 3dnowpref, lzcnt, sse4a, ht, tsc, tscinvbit, tscinv, bmi1, bmi2, adx, sha, fma

Memory: 4k page, system-wide physical 3529M (365M free)
TotalPageFile size 14281M (AvailPageFile size 2M)
current process WorkingSet (physical memory assigned to process): 26M, peak: 26M
current process commit charge ("private bytes"): 129M, peak: 129M

vm_info: Java HotSpot(TM) 64-Bit Server VM (13.0.2+8) for windows-amd64 JRE (13.0.2+8), built on Dec 11 2019 09:20:33 by "mach5one" with unknown MS VC++:1916

END.
