#
# A fatal error has been detected by the Java Runtime Environment:
#
#  Internal Error (t:/workspace/open/src/hotspot/share/interpreter/oopMapCache.cpp:110), pid=10260, tid=13200
#  Error: ShouldNotReachHere()
#
# JRE version: Java(TM) SE Runtime Environment (13.0.2+8) (build 13.0.2+8)
# Java VM: Java HotSpot(TM) 64-Bit Server VM (13.0.2+8, mixed mode, sharing, tiered, compressed oops, g1 gc, windows-amd64)
# No core dump will be written. Minidumps are not enabled by default on client versions of Windows
#
# If you would like to submit a bug report, please visit:
#   http://bugreport.java.com/bugreport/crash.jsp
#

---------------  S U M M A R Y ------------

Command Line: -agentlib:jdwp=transport=dt_socket,suspend=y,address=localhost:7668 -javaagent:C:\Users\JMKIM\eclipse\jee-2019-12\eclipse\configuration\org.eclipse.osgi\411\0\.cp\lib\javaagent-shaded.jar -Dfile.encoding=MS949 da.Hello

Host: AMD Ryzen 3 2200U with Radeon Vega Mobile Gfx  , 4 cores, 3G,  Windows 10 , 64 bit Build 18362 (10.0.18362.329)
Time: Fri Mar  6 15:45:00 2020 ¢¥eCN©öI¡¾©ö C¡ÍA¨ª¨öA elapsed time: 89 seconds (0d 0h 1m 29s)

---------------  T H R E A D  ---------------

Current thread (0x000001fde75b2800):  JavaThread "JDWP Transport Listener: dt_socket" daemon [_thread_in_vm, id=13200, stack(0x000000d9e8f00000,0x000000d9e9000000)] _threads_hazard_ptr=0x000001fde765e1d0

Stack: [0x000000d9e8f00000,0x000000d9e9000000]
Native frames: (J=compiled Java code, j=interpreted, Vv=VM code, C=native code)
V  [jvm.dll+0x624f9a]
V  [jvm.dll+0x770cfa]
V  [jvm.dll+0x7724af]
V  [jvm.dll+0x772a67]
V  [jvm.dll+0x24be8c]
V  [jvm.dll+0x24bdf3]
V  [jvm.dll+0x61420f]
V  [jvm.dll+0x613f6d]
V  [jvm.dll+0x5ddb03]
V  [jvm.dll+0x76840f]
V  [jvm.dll+0x4f6476]
V  [jvm.dll+0x7776dd]
V  [jvm.dll+0x4dc38b]
V  [jvm.dll+0x4a1130]
C  [jdwp.dll+0x7e65]


---------------  P R O C E S S  ---------------

Threads class SMR info:
_java_thread_list=0x000001fde765e1d0, length=13, elements={
0x000001fdcb1ab800, 0x000001fde734f800, 0x000001fde7359800, 0x000001fde7375000,
0x000001fde7376800, 0x000001fde7378000, 0x000001fde737a000, 0x000001fde73ea800,
0x000001fdcb278000, 0x000001fde75b2800, 0x000001fde7549800, 0x000001fde75bb800,
0x000001fde7685800
}

Java Threads: ( => current thread )
  0x000001fdcb1ab800 JavaThread "main" [_thread_blocked, id=2844, stack(0x000000d9e8000000,0x000000d9e8100000)]
  0x000001fde734f800 JavaThread "Reference Handler" daemon [_thread_blocked, id=3876, stack(0x000000d9e8700000,0x000000d9e8800000)]
  0x000001fde7359800 JavaThread "Finalizer" daemon [_thread_blocked, id=4692, stack(0x000000d9e8800000,0x000000d9e8900000)]
  0x000001fde7375000 JavaThread "Signal Dispatcher" daemon [_thread_blocked, id=16936, stack(0x000000d9e8900000,0x000000d9e8a00000)]
  0x000001fde7376800 JavaThread "Attach Listener" daemon [_thread_blocked, id=7740, stack(0x000000d9e8a00000,0x000000d9e8b00000)]
  0x000001fde7378000 JavaThread "C2 CompilerThread0" daemon [_thread_blocked, id=14720, stack(0x000000d9e8b00000,0x000000d9e8c00000)]
  0x000001fde737a000 JavaThread "C1 CompilerThread0" daemon [_thread_blocked, id=832, stack(0x000000d9e8c00000,0x000000d9e8d00000)]
  0x000001fde73ea800 JavaThread "Sweeper thread" daemon [_thread_blocked, id=5944, stack(0x000000d9e8d00000,0x000000d9e8e00000)]
  0x000001fdcb278000 JavaThread "Common-Cleaner" daemon [_thread_blocked, id=7012, stack(0x000000d9e8e00000,0x000000d9e8f00000)]
=>0x000001fde75b2800 JavaThread "JDWP Transport Listener: dt_socket" daemon [_thread_in_vm, id=13200, stack(0x000000d9e8f00000,0x000000d9e9000000)] _threads_hazard_ptr=0x000001fde765e1d0
  0x000001fde7549800 JavaThread "JDWP Event Helper Thread" daemon [_thread_blocked, id=12848, stack(0x000000d9e9000000,0x000000d9e9100000)]
  0x000001fde75bb800 JavaThread "JDWP Command Reader" daemon [_thread_in_native, id=16316, stack(0x000000d9e9100000,0x000000d9e9200000)]
  0x000001fde7685800 JavaThread "Service Thread" daemon [_thread_blocked, id=10908, stack(0x000000d9e9200000,0x000000d9e9300000)]

Other Threads:
  0x000001fde734e000 VMThread "VM Thread" [stack: 0x000000d9e8600000,0x000000d9e8700000] [id=5104]
  0x000001fde76bc000 WatcherThread [stack: 0x000000d9e9300000,0x000000d9e9400000] [id=13152]
  0x000001fdcb1db800 GCTaskThread "GC Thread#0" [stack: 0x000000d9e8100000,0x000000d9e8200000] [id=17152]
  0x000001fdcb1e4000 ConcurrentGCThread "G1 Main Marker" [stack: 0x000000d9e8200000,0x000000d9e8300000] [id=7904]
  0x000001fdcb1e6000 ConcurrentGCThread "G1 Conc#0" [stack: 0x000000d9e8300000,0x000000d9e8400000] [id=14156]
  0x000001fdcb22a000 ConcurrentGCThread "G1 Refine#0" [stack: 0x000000d9e8400000,0x000000d9e8500000] [id=6240]
  0x000001fdcb22c000 ConcurrentGCThread "G1 Young RemSet Sampling" [stack: 0x000000d9e8500000,0x000000d9e8600000] [id=14900]

Threads with active compile tasks:

VM state:not at safepoint (normal execution)

VM Mutex/Monitor currently owned by a thread: None

Heap address: 0x00000000c8c00000, size: 884 MB, Compressed Oops mode: 32-bit
Narrow klass base: 0x0000000800000000, Narrow klass shift: 3
Compressed class space size: 1073741824 Address: 0x0000000800b40000

Heap:
 garbage-first heap   total 57344K, used 5120K [0x00000000c8c00000, 0x0000000100000000)
  region size 1024K, 6 young (6144K), 0 survivors (0K)
 Metaspace       used 2995K, capacity 5029K, committed 5120K, reserved 1056768K
  class space    used 283K, capacity 461K, committed 512K, reserved 1048576K
Heap Regions: E=young(eden), S=young(survivor), O=old, HS=humongous(starts), HC=humongous(continues), CS=collection set, F=free, A=archive, TAMS=top-at-mark-start (previous, next)
|   0|0x00000000c8c00000, 0x00000000c8c00000, 0x00000000c8d00000|  0%| F|  |TAMS 0x00000000c8c00000, 0x00000000c8c00000| Untracked 
|   1|0x00000000c8d00000, 0x00000000c8d00000, 0x00000000c8e00000|  0%| F|  |TAMS 0x00000000c8d00000, 0x00000000c8d00000| Untracked 
|   2|0x00000000c8e00000, 0x00000000c8e00000, 0x00000000c8f00000|  0%| F|  |TAMS 0x00000000c8e00000, 0x00000000c8e00000| Untracked 
|   3|0x00000000c8f00000, 0x00000000c8f00000, 0x00000000c9000000|  0%| F|  |TAMS 0x00000000c8f00000, 0x00000000c8f00000| Untracked 
|   4|0x00000000c9000000, 0x00000000c9000000, 0x00000000c9100000|  0%| F|  |TAMS 0x00000000c9000000, 0x00000000c9000000| Untracked 
|   5|0x00000000c9100000, 0x00000000c9100000, 0x00000000c9200000|  0%| F|  |TAMS 0x00000000c9100000, 0x00000000c9100000| Untracked 
|   6|0x00000000c9200000, 0x00000000c9200000, 0x00000000c9300000|  0%| F|  |TAMS 0x00000000c9200000, 0x00000000c9200000| Untracked 
|   7|0x00000000c9300000, 0x00000000c9300000, 0x00000000c9400000|  0%| F|  |TAMS 0x00000000c9300000, 0x00000000c9300000| Untracked 
|   8|0x00000000c9400000, 0x00000000c9400000, 0x00000000c9500000|  0%| F|  |TAMS 0x00000000c9400000, 0x00000000c9400000| Untracked 
|   9|0x00000000c9500000, 0x00000000c9500000, 0x00000000c9600000|  0%| F|  |TAMS 0x00000000c9500000, 0x00000000c9500000| Untracked 
|  10|0x00000000c9600000, 0x00000000c9600000, 0x00000000c9700000|  0%| F|  |TAMS 0x00000000c9600000, 0x00000000c9600000| Untracked 
|  11|0x00000000c9700000, 0x00000000c9700000, 0x00000000c9800000|  0%| F|  |TAMS 0x00000000c9700000, 0x00000000c9700000| Untracked 
|  12|0x00000000c9800000, 0x00000000c9800000, 0x00000000c9900000|  0%| F|  |TAMS 0x00000000c9800000, 0x00000000c9800000| Untracked 
|  13|0x00000000c9900000, 0x00000000c9900000, 0x00000000c9a00000|  0%| F|  |TAMS 0x00000000c9900000, 0x00000000c9900000| Untracked 
|  14|0x00000000c9a00000, 0x00000000c9a00000, 0x00000000c9b00000|  0%| F|  |TAMS 0x00000000c9a00000, 0x00000000c9a00000| Untracked 
|  15|0x00000000c9b00000, 0x00000000c9b00000, 0x00000000c9c00000|  0%| F|  |TAMS 0x00000000c9b00000, 0x00000000c9b00000| Untracked 
|  16|0x00000000c9c00000, 0x00000000c9c00000, 0x00000000c9d00000|  0%| F|  |TAMS 0x00000000c9c00000, 0x00000000c9c00000| Untracked 
|  17|0x00000000c9d00000, 0x00000000c9d00000, 0x00000000c9e00000|  0%| F|  |TAMS 0x00000000c9d00000, 0x00000000c9d00000| Untracked 
|  18|0x00000000c9e00000, 0x00000000c9e00000, 0x00000000c9f00000|  0%| F|  |TAMS 0x00000000c9e00000, 0x00000000c9e00000| Untracked 
|  19|0x00000000c9f00000, 0x00000000c9f00000, 0x00000000ca000000|  0%| F|  |TAMS 0x00000000c9f00000, 0x00000000c9f00000| Untracked 
|  20|0x00000000ca000000, 0x00000000ca000000, 0x00000000ca100000|  0%| F|  |TAMS 0x00000000ca000000, 0x00000000ca000000| Untracked 
|  21|0x00000000ca100000, 0x00000000ca100000, 0x00000000ca200000|  0%| F|  |TAMS 0x00000000ca100000, 0x00000000ca100000| Untracked 
|  22|0x00000000ca200000, 0x00000000ca200000, 0x00000000ca300000|  0%| F|  |TAMS 0x00000000ca200000, 0x00000000ca200000| Untracked 
|  23|0x00000000ca300000, 0x00000000ca300000, 0x00000000ca400000|  0%| F|  |TAMS 0x00000000ca300000, 0x00000000ca300000| Untracked 
|  24|0x00000000ca400000, 0x00000000ca400000, 0x00000000ca500000|  0%| F|  |TAMS 0x00000000ca400000, 0x00000000ca400000| Untracked 
|  25|0x00000000ca500000, 0x00000000ca500000, 0x00000000ca600000|  0%| F|  |TAMS 0x00000000ca500000, 0x00000000ca500000| Untracked 
|  26|0x00000000ca600000, 0x00000000ca600000, 0x00000000ca700000|  0%| F|  |TAMS 0x00000000ca600000, 0x00000000ca600000| Untracked 
|  27|0x00000000ca700000, 0x00000000ca700000, 0x00000000ca800000|  0%| F|  |TAMS 0x00000000ca700000, 0x00000000ca700000| Untracked 
|  28|0x00000000ca800000, 0x00000000ca800000, 0x00000000ca900000|  0%| F|  |TAMS 0x00000000ca800000, 0x00000000ca800000| Untracked 
|  29|0x00000000ca900000, 0x00000000ca900000, 0x00000000caa00000|  0%| F|  |TAMS 0x00000000ca900000, 0x00000000ca900000| Untracked 
|  30|0x00000000caa00000, 0x00000000caa00000, 0x00000000cab00000|  0%| F|  |TAMS 0x00000000caa00000, 0x00000000caa00000| Untracked 
|  31|0x00000000cab00000, 0x00000000cab00000, 0x00000000cac00000|  0%| F|  |TAMS 0x00000000cab00000, 0x00000000cab00000| Untracked 
|  32|0x00000000cac00000, 0x00000000cac00000, 0x00000000cad00000|  0%| F|  |TAMS 0x00000000cac00000, 0x00000000cac00000| Untracked 
|  33|0x00000000cad00000, 0x00000000cad00000, 0x00000000cae00000|  0%| F|  |TAMS 0x00000000cad00000, 0x00000000cad00000| Untracked 
|  34|0x00000000cae00000, 0x00000000cae00000, 0x00000000caf00000|  0%| F|  |TAMS 0x00000000cae00000, 0x00000000cae00000| Untracked 
|  35|0x00000000caf00000, 0x00000000caf00000, 0x00000000cb000000|  0%| F|  |TAMS 0x00000000caf00000, 0x00000000caf00000| Untracked 
|  36|0x00000000cb000000, 0x00000000cb000000, 0x00000000cb100000|  0%| F|  |TAMS 0x00000000cb000000, 0x00000000cb000000| Untracked 
|  37|0x00000000cb100000, 0x00000000cb100000, 0x00000000cb200000|  0%| F|  |TAMS 0x00000000cb100000, 0x00000000cb100000| Untracked 
|  38|0x00000000cb200000, 0x00000000cb200000, 0x00000000cb300000|  0%| F|  |TAMS 0x00000000cb200000, 0x00000000cb200000| Untracked 
|  39|0x00000000cb300000, 0x00000000cb300000, 0x00000000cb400000|  0%| F|  |TAMS 0x00000000cb300000, 0x00000000cb300000| Untracked 
|  40|0x00000000cb400000, 0x00000000cb400000, 0x00000000cb500000|  0%| F|  |TAMS 0x00000000cb400000, 0x00000000cb400000| Untracked 
|  41|0x00000000cb500000, 0x00000000cb500000, 0x00000000cb600000|  0%| F|  |TAMS 0x00000000cb500000, 0x00000000cb500000| Untracked 
|  42|0x00000000cb600000, 0x00000000cb600000, 0x00000000cb700000|  0%| F|  |TAMS 0x00000000cb600000, 0x00000000cb600000| Untracked 
|  43|0x00000000cb700000, 0x00000000cb700000, 0x00000000cb800000|  0%| F|  |TAMS 0x00000000cb700000, 0x00000000cb700000| Untracked 
|  44|0x00000000cb800000, 0x00000000cb800000, 0x00000000cb900000|  0%| F|  |TAMS 0x00000000cb800000, 0x00000000cb800000| Untracked 
|  45|0x00000000cb900000, 0x00000000cb900000, 0x00000000cba00000|  0%| F|  |TAMS 0x00000000cb900000, 0x00000000cb900000| Untracked 
|  46|0x00000000cba00000, 0x00000000cba00000, 0x00000000cbb00000|  0%| F|  |TAMS 0x00000000cba00000, 0x00000000cba00000| Untracked 
|  47|0x00000000cbb00000, 0x00000000cbb00000, 0x00000000cbc00000|  0%| F|  |TAMS 0x00000000cbb00000, 0x00000000cbb00000| Untracked 
|  48|0x00000000cbc00000, 0x00000000cbc00000, 0x00000000cbd00000|  0%| F|  |TAMS 0x00000000cbc00000, 0x00000000cbc00000| Untracked 
|  49|0x00000000cbd00000, 0x00000000cbd00000, 0x00000000cbe00000|  0%| F|  |TAMS 0x00000000cbd00000, 0x00000000cbd00000| Untracked 
|  50|0x00000000cbe00000, 0x00000000cbe91fb8, 0x00000000cbf00000| 57%| E|  |TAMS 0x00000000cbe00000, 0x00000000cbe00000| Complete 
|  51|0x00000000cbf00000, 0x00000000cc000000, 0x00000000cc000000|100%| E|CS|TAMS 0x00000000cbf00000, 0x00000000cbf00000| Complete 
|  52|0x00000000cc000000, 0x00000000cc100000, 0x00000000cc100000|100%| E|CS|TAMS 0x00000000cc000000, 0x00000000cc000000| Complete 
|  53|0x00000000cc100000, 0x00000000cc200000, 0x00000000cc200000|100%| E|CS|TAMS 0x00000000cc100000, 0x00000000cc100000| Complete 
|  54|0x00000000cc200000, 0x00000000cc300000, 0x00000000cc300000|100%| E|CS|TAMS 0x00000000cc200000, 0x00000000cc200000| Complete 
|  55|0x00000000cc300000, 0x00000000cc400000, 0x00000000cc400000|100%| E|CS|TAMS 0x00000000cc300000, 0x00000000cc300000| Complete 

Card table byte_map: [0x000001fde26b0000,0x000001fde2870000] _byte_map_base: 0x000001fde206a000

Marking Bits (Prev, Next): (CMBitMap*) 0x000001fdcb1dc548, (CMBitMap*) 0x000001fdcb1dc588
 Prev Bits: [0x000001fde2a30000, 0x000001fde3800000)
 Next Bits: [0x000001fde3800000, 0x000001fde45d0000)

Polling page: 0x000001fdc9190000

Metaspace:

Usage:
  Non-class:      4.46 MB capacity,     2.65 MB ( 59%) used,     1.81 MB ( 41%) free+waste,     4.81 KB ( <1%) overhead. 
      Class:    461.00 KB capacity,   283.66 KB ( 62%) used,   174.72 KB ( 38%) free+waste,     2.63 KB ( <1%) overhead. 
       Both:      4.91 MB capacity,     2.93 MB ( 60%) used,     1.98 MB ( 40%) free+waste,     7.44 KB ( <1%) overhead. 

Virtual space:
  Non-class space:        8.00 MB reserved,       4.50 MB ( 56%) committed 
      Class space:        1.00 GB reserved,     512.00 KB ( <1%) committed 
             Both:        1.01 GB reserved,       5.00 MB ( <1%) committed 

Chunk freelists:
   Non-Class:  40.00 KB
       Class:  0 bytes
        Both:  40.00 KB

MaxMetaspaceSize: 17179869184.00 GB
CompressedClassSpaceSize: 1.00 GB

CodeHeap 'non-profiled nmethods': size=120000Kb used=144Kb max_used=144Kb free=119855Kb
 bounds [0x000001fddb180000, 0x000001fddb3f0000, 0x000001fde26b0000]
CodeHeap 'profiled nmethods': size=120000Kb used=699Kb max_used=699Kb free=119300Kb
 bounds [0x000001fdd3c50000, 0x000001fdd3ec0000, 0x000001fddb180000]
CodeHeap 'non-nmethods': size=5760Kb used=1220Kb max_used=1234Kb free=4540Kb
 bounds [0x000001fdd36b0000, 0x000001fdd3920000, 0x000001fdd3c50000]
 total_blobs=1224 nmethods=471 adapters=292
 compilation: enabled
              stopped_count=0, restarted_count=0
 full_count=0

Compilation events (20 events):
Event: 0.568 Thread 0x000001fde737a000  459       3       jdk.internal.org.objectweb.asm.ByteVector::putInt (74 bytes)
Event: 0.568 Thread 0x000001fde737a000 nmethod 459 0x000001fdd3cfb590 code [0x000001fdd3cfb740, 0x000001fdd3cfba30]
Event: 0.568 Thread 0x000001fde737a000  461       3       java.lang.invoke.MethodType::checkPtypes (61 bytes)
Event: 0.569 Thread 0x000001fde737a000 nmethod 461 0x000001fdd3cfbc10 code [0x000001fdd3cfbea0, 0x000001fdd3cfc930]
Event: 0.569 Thread 0x000001fde737a000  465       3       java.util.regex.Pattern::peek (26 bytes)
Event: 0.569 Thread 0x000001fde737a000 nmethod 465 0x000001fdd3cfcd90 code [0x000001fdd3cfcf60, 0x000001fdd3cfd270]
Event: 0.569 Thread 0x000001fde737a000  464       3       java.util.regex.ASCII::isAscii (13 bytes)
Event: 0.570 Thread 0x000001fde737a000 nmethod 464 0x000001fdd3cfd390 code [0x000001fdd3cfd540, 0x000001fdd3cfd6d8]
Event: 0.570 Thread 0x000001fde737a000  466       3       java.util.regex.Pattern::next (33 bytes)
Event: 0.570 Thread 0x000001fde737a000 nmethod 466 0x000001fdd3cfd790 code [0x000001fdd3cfd960, 0x000001fdd3cfdc70]
Event: 0.570 Thread 0x000001fde737a000  467       3       java.util.regex.ASCII::toLower (16 bytes)
Event: 0.570 Thread 0x000001fde737a000 nmethod 467 0x000001fdd3cfdd90 code [0x000001fdd3cfdf40, 0x000001fdd3cfe198]
Event: 0.570 Thread 0x000001fde737a000  468       3       java.util.regex.ASCII::isUpper (18 bytes)
Event: 0.571 Thread 0x000001fde737a000 nmethod 468 0x000001fdd3cfe290 code [0x000001fdd3cfe440, 0x000001fdd3cfe5f8]
Event: 1.633 Thread 0x000001fde737a000  469       3       java.lang.Character::isWhitespace (9 bytes)
Event: 1.634 Thread 0x000001fde737a000 nmethod 469 0x000001fdd3cfe690 code [0x000001fdd3cfe840, 0x000001fdd3cfeaa0]
Event: 3.017 Thread 0x000001fde737a000  470       3       java.nio.ByteBuffer::limit (8 bytes)
Event: 3.017 Thread 0x000001fde737a000 nmethod 470 0x000001fdd3cfeb90 code [0x000001fdd3cfed40, 0x000001fdd3cfef10]
Event: 55.346 Thread 0x000001fde7378000  471       4       java.lang.String::charAt (25 bytes)
Event: 55.351 Thread 0x000001fde7378000 nmethod 471 0x000001fddb1a3c90 code [0x000001fddb1a3e20, 0x000001fddb1a4028]

GC Heap History (0 events):
No events

Deoptimization events (20 events):
Event: 0.475 Thread 0x000001fdcb1ab800 DEOPT PACKING pc=0x000001fdd3cc51a1 sp=0x000000d9e80f8820
Event: 0.475 Thread 0x000001fdcb1ab800 DEOPT UNPACKING pc=0x000001fdd36f964e sp=0x000000d9e80f7ce8 mode 0
Event: 0.478 Thread 0x000001fdcb1ab800 DEOPT PACKING pc=0x000001fdd3cc4f6c sp=0x000000d9e80fbb30
Event: 0.478 Thread 0x000001fdcb1ab800 DEOPT UNPACKING pc=0x000001fdd36f964e sp=0x000000d9e80faff8 mode 0
Event: 0.481 Thread 0x000001fdcb1ab800 DEOPT PACKING pc=0x000001fdd3cc4f6c sp=0x000000d9e80fbc10
Event: 0.481 Thread 0x000001fdcb1ab800 DEOPT UNPACKING pc=0x000001fdd36f964e sp=0x000000d9e80fb0d8 mode 0
Event: 0.502 Thread 0x000001fdcb1ab800 DEOPT PACKING pc=0x000001fdd3cc4f6c sp=0x000000d9e80f85a0
Event: 0.502 Thread 0x000001fdcb1ab800 DEOPT UNPACKING pc=0x000001fdd36f964e sp=0x000000d9e80f7a68 mode 0
Event: 0.548 Thread 0x000001fdcb1ab800 Uncommon trap: trap_request=0xffffff45 fr.pc=0x000001fddb188bf0 relative=0x0000000000000250
Event: 0.548 Thread 0x000001fdcb1ab800 Uncommon trap: reason=unstable_if action=reinterpret pc=0x000001fddb188bf0 method=java.lang.String.hashCode()I @ 20 c2
Event: 0.548 Thread 0x000001fdcb1ab800 DEOPT PACKING pc=0x000001fddb188bf0 sp=0x000000d9e80fc7c0
Event: 0.548 Thread 0x000001fdcb1ab800 DEOPT UNPACKING pc=0x000001fdd36f912f sp=0x000000d9e80fc758 mode 2
Event: 0.548 Thread 0x000001fdcb1ab800 Uncommon trap: trap_request=0xffffff45 fr.pc=0x000001fddb18f010 relative=0x00000000000000f0
Event: 0.548 Thread 0x000001fdcb1ab800 Uncommon trap: reason=unstable_if action=reinterpret pc=0x000001fddb18f010 method=java.lang.String.charAt(I)C @ 4 c2
Event: 0.548 Thread 0x000001fdcb1ab800 DEOPT PACKING pc=0x000001fddb18f010 sp=0x000000d9e80fc5d0
Event: 0.548 Thread 0x000001fdcb1ab800 DEOPT UNPACKING pc=0x000001fdd36f912f sp=0x000000d9e80fc580 mode 2
Event: 0.561 Thread 0x000001fdcb1ab800 Uncommon trap: trap_request=0xffffff45 fr.pc=0x000001fddb197664 relative=0x0000000000000044
Event: 0.561 Thread 0x000001fdcb1ab800 Uncommon trap: reason=unstable_if action=reinterpret pc=0x000001fddb197664 method=java.lang.CharacterData.of(I)Ljava/lang/CharacterData; @ 4 c2
Event: 0.561 Thread 0x000001fdcb1ab800 DEOPT PACKING pc=0x000001fddb197664 sp=0x000000d9e80feb40
Event: 0.561 Thread 0x000001fdcb1ab800 DEOPT UNPACKING pc=0x000001fdd36f912f sp=0x000000d9e80feae0 mode 2

Classes unloaded (0 events):
No events

Classes redefined (3 events):
Event: 33.533 Thread 0x000001fde734e000 redefined class name=da.Hello, count=1
Event: 55.347 Thread 0x000001fde734e000 redefined class name=da.Hello, count=2
Event: 76.040 Thread 0x000001fde734e000 redefined class name=da.Hello, count=3

Internal exceptions (2 events):
Event: 0.524 Thread 0x000001fdcb1ab800 Exception <a 'java/lang/NoSuchMethodError'{0x00000000cbf5ad80}: 'int java.lang.invoke.DirectMethodHandle$Holder.invokeSpecialIFC(java.lang.Object, java.lang.Object, int)'> (0x00000000cbf5ad80) 
thrown [t:/workspace/open/src/hotspot/share/interpreter/linkResolver.cpp, line 767]
Event: 89.356 Thread 0x000001fde75b2800 Exception <a 'java/lang/LinkageError'{0x00000000cc2e3d68}> (0x00000000cc2e3d68) 
thrown [t:/workspace/open/src/hotspot/share/oops/generateOopMap.cpp, line 2140]

Events (20 events):
Event: 76.052 Executing VM operation: GetStackTrace
Event: 76.052 Executing VM operation: GetStackTrace done
Event: 76.340 Executing VM operation: GetCurrentContendedMonitor
Event: 76.340 Executing VM operation: GetCurrentContendedMonitor done
Event: 76.341 Executing VM operation: GetOwnedMonitorInfo
Event: 76.341 Executing VM operation: GetOwnedMonitorInfo done
Event: 76.915 Executing VM operation: GetFrameCount
Event: 76.915 Executing VM operation: GetFrameCount done
Event: 76.915 Executing VM operation: GetOwnedMonitorInfo
Event: 76.915 Executing VM operation: GetOwnedMonitorInfo done
Event: 76.916 Executing VM operation: GetCurrentContendedMonitor
Event: 76.916 Executing VM operation: GetCurrentContendedMonitor done
Event: 78.133 Executing VM operation: GetCurrentContendedMonitor
Event: 78.133 Executing VM operation: GetCurrentContendedMonitor done
Event: 78.133 Executing VM operation: GetOwnedMonitorInfo
Event: 78.133 Executing VM operation: GetOwnedMonitorInfo done
Event: 81.714 Executing VM operation: GetCurrentContendedMonitor
Event: 81.714 Executing VM operation: GetCurrentContendedMonitor done
Event: 81.714 Executing VM operation: GetOwnedMonitorInfo
Event: 81.714 Executing VM operation: GetOwnedMonitorInfo done


Dynamic libraries:
0x00007ff6149c0000 - 0x00007ff6149cf000 	C:\Program Files\Java\jdk-13.0.2\bin\javaw.exe
0x00007ff909140000 - 0x00007ff909330000 	C:\WINDOWS\SYSTEM32\ntdll.dll
0x00007ff907e40000 - 0x00007ff907ef2000 	C:\WINDOWS\System32\KERNEL32.DLL
0x00007ff906c30000 - 0x00007ff906ed3000 	C:\WINDOWS\System32\KERNELBASE.dll
0x00007ff906ee0000 - 0x00007ff906fda000 	C:\WINDOWS\System32\ucrtbase.dll
0x00007ff8ff500000 - 0x00007ff8ff515000 	C:\Program Files\Java\jdk-13.0.2\bin\VCRUNTIME140.dll
0x00007ff9018d0000 - 0x00007ff9018e8000 	C:\Program Files\Java\jdk-13.0.2\bin\jli.dll
0x00007ff908960000 - 0x00007ff908a03000 	C:\WINDOWS\System32\ADVAPI32.dll
0x00007ff9088c0000 - 0x00007ff90895e000 	C:\WINDOWS\System32\msvcrt.dll
0x00007ff907b40000 - 0x00007ff907bd7000 	C:\WINDOWS\System32\sechost.dll
0x00007ff908e00000 - 0x00007ff908f20000 	C:\WINDOWS\System32\RPCRT4.dll
0x00007ff907f00000 - 0x00007ff908094000 	C:\WINDOWS\System32\USER32.dll
0x00007ff906900000 - 0x00007ff906921000 	C:\WINDOWS\System32\win32u.dll
0x00007ff908f20000 - 0x00007ff908f46000 	C:\WINDOWS\System32\GDI32.dll
0x00007ff906a90000 - 0x00007ff906c24000 	C:\WINDOWS\System32\gdi32full.dll
0x00007ff906fe0000 - 0x00007ff90707e000 	C:\WINDOWS\System32\msvcp_win.dll
0x00007ff8f9660000 - 0x00007ff8f98e5000 	C:\WINDOWS\WinSxS\amd64_microsoft.windows.common-controls_6595b64144ccf1df_6.0.18362.657_none_e6c5b579130e3898\COMCTL32.dll
0x00007ff907800000 - 0x00007ff907b36000 	C:\WINDOWS\System32\combase.dll
0x00007ff906930000 - 0x00007ff9069b0000 	C:\WINDOWS\System32\bcryptPrimitives.dll
0x00007ff8fe2d0000 - 0x00007ff8fe2da000 	C:\WINDOWS\SYSTEM32\VERSION.dll
0x00007ff908830000 - 0x00007ff90885e000 	C:\WINDOWS\System32\IMM32.DLL
0x00007ff8db720000 - 0x00007ff8db7bb000 	C:\Program Files\Java\jdk-13.0.2\bin\msvcp140.dll
0x00007ff8c2fc0000 - 0x00007ff8c3b1d000 	C:\Program Files\Java\jdk-13.0.2\bin\server\jvm.dll
0x00007ff908790000 - 0x00007ff908798000 	C:\WINDOWS\System32\PSAPI.DLL
0x00007ff901ad0000 - 0x00007ff901ad9000 	C:\WINDOWS\SYSTEM32\WSOCK32.dll
0x00007ff909090000 - 0x00007ff9090ff000 	C:\WINDOWS\System32\WS2_32.dll
0x00007ff903bf0000 - 0x00007ff903c14000 	C:\WINDOWS\SYSTEM32\WINMM.dll
0x00007ff903bc0000 - 0x00007ff903bed000 	C:\WINDOWS\SYSTEM32\WINMMBASE.dll
0x00007ff906a40000 - 0x00007ff906a8a000 	C:\WINDOWS\System32\cfgmgr32.dll
0x00007ff906070000 - 0x00007ff906081000 	C:\WINDOWS\System32\kernel.appcore.dll
0x00007ff901a10000 - 0x00007ff901a20000 	C:\Program Files\Java\jdk-13.0.2\bin\verify.dll
0x00007ff8f55d0000 - 0x00007ff8f57c4000 	C:\WINDOWS\SYSTEM32\DBGHELP.DLL
0x00007ff8f3c00000 - 0x00007ff8f3c2a000 	C:\WINDOWS\SYSTEM32\dbgcore.DLL
0x00007ff8f9540000 - 0x00007ff8f9566000 	C:\Program Files\Java\jdk-13.0.2\bin\java.dll
0x00007ff8faa30000 - 0x00007ff8faa68000 	C:\Program Files\Java\jdk-13.0.2\bin\jdwp.dll
0x00007ff901950000 - 0x00007ff90195e000 	C:\Program Files\Java\jdk-13.0.2\bin\instrument.dll
0x00007ff9019f0000 - 0x00007ff901a07000 	C:\Program Files\Java\jdk-13.0.2\bin\zip.dll
0x00007ff901810000 - 0x00007ff90181a000 	C:\Program Files\Java\jdk-13.0.2\bin\jimage.dll
0x00007ff9080a0000 - 0x00007ff908785000 	C:\WINDOWS\System32\SHELL32.dll
0x00007ff907d90000 - 0x00007ff907e39000 	C:\WINDOWS\System32\shcore.dll
0x00007ff906180000 - 0x00007ff9068ff000 	C:\WINDOWS\System32\windows.storage.dll
0x00007ff906090000 - 0x00007ff9060af000 	C:\WINDOWS\System32\profapi.dll
0x00007ff906020000 - 0x00007ff90606a000 	C:\WINDOWS\System32\powrprof.dll
0x00007ff906010000 - 0x00007ff906020000 	C:\WINDOWS\System32\UMPDC.dll
0x00007ff907be0000 - 0x00007ff907c32000 	C:\WINDOWS\System32\shlwapi.dll
0x00007ff907080000 - 0x00007ff907097000 	C:\WINDOWS\System32\cryptsp.dll
0x00007ff9018c0000 - 0x00007ff9018cb000 	C:\Program Files\Java\jdk-13.0.2\bin\dt_socket.dll
0x00007ff905820000 - 0x00007ff905887000 	C:\WINDOWS\system32\mswsock.dll
0x00007ff905570000 - 0x00007ff90563a000 	C:\WINDOWS\SYSTEM32\DNSAPI.dll
0x00007ff907d10000 - 0x00007ff907d18000 	C:\WINDOWS\System32\NSI.dll
0x00007ff905530000 - 0x00007ff90556a000 	C:\WINDOWS\SYSTEM32\IPHLPAPI.DLL
0x00007ff8fc180000 - 0x00007ff8fc18a000 	C:\Windows\System32\rasadhlp.dll
0x00007ff8fcbd0000 - 0x00007ff8fcc47000 	C:\WINDOWS\System32\fwpuclnt.dll
0x00007ff9069b0000 - 0x00007ff9069d6000 	C:\WINDOWS\System32\bcrypt.dll
0x00007ff8fc3f0000 - 0x00007ff8fc409000 	C:\Program Files\Java\jdk-13.0.2\bin\net.dll
0x00007ff8ffe70000 - 0x00007ff8fff60000 	C:\WINDOWS\SYSTEM32\WINHTTP.dll
0x00007ff8fa440000 - 0x00007ff8fa453000 	C:\Program Files\Java\jdk-13.0.2\bin\nio.dll

dbghelp: loaded successfully - version: 4.0.5 - missing functions: none
symbol engine: initialized successfully - sym options: 0x614 - pdb path: .;C:\Program Files\Java\jdk-13.0.2\bin;C:\WINDOWS\SYSTEM32;C:\WINDOWS\WinSxS\amd64_microsoft.windows.common-controls_6595b64144ccf1df_6.0.18362.657_none_e6c5b579130e3898;C:\Program Files\Java\jdk-13.0.2\bin\server

VM Arguments:
jvm_args: -agentlib:jdwp=transport=dt_socket,suspend=y,address=localhost:7668 -javaagent:C:\Users\JMKIM\eclipse\jee-2019-12\eclipse\configuration\org.eclipse.osgi\411\0\.cp\lib\javaagent-shaded.jar -Dfile.encoding=MS949 
java_command: da.Hello
java_class_path (initial): C:\Users\JMKIM\eclipse-workspace\da\bin
Launcher Type: SUN_STANDARD

[Global flags]
     intx CICompilerCount                          = 3                                         {product} {ergonomic}
     uint ConcGCThreads                            = 1                                         {product} {ergonomic}
     uint G1ConcRefinementThreads                  = 4                                         {product} {ergonomic}
   size_t G1HeapRegionSize                         = 1048576                                   {product} {ergonomic}
    uintx GCDrainStackTargetSize                   = 64                                        {product} {ergonomic}
   size_t InitialHeapSize                          = 58720256                                  {product} {ergonomic}
   size_t MarkStackSize                            = 4194304                                   {product} {ergonomic}
   size_t MaxHeapSize                              = 926941184                                 {product} {ergonomic}
   size_t MaxNewSize                               = 555745280                                 {product} {ergonomic}
   size_t MinHeapDeltaBytes                        = 1048576                                   {product} {ergonomic}
   size_t MinHeapSize                              = 8388608                                   {product} {ergonomic}
    uintx NonNMethodCodeHeapSize                   = 5832780                                {pd product} {ergonomic}
    uintx NonProfiledCodeHeapSize                  = 122912730                              {pd product} {ergonomic}
    uintx ProfiledCodeHeapSize                     = 122912730                              {pd product} {ergonomic}
    uintx ReservedCodeCacheSize                    = 251658240                              {pd product} {ergonomic}
     bool SegmentedCodeCache                       = true                                      {product} {ergonomic}
   size_t SoftMaxHeapSize                          = 926941184                              {manageable} {ergonomic}
     bool UseCompressedClassPointers               = true                                 {lp64_product} {ergonomic}
     bool UseCompressedOops                        = true                                 {lp64_product} {ergonomic}
     bool UseG1GC                                  = true                                      {product} {ergonomic}
     bool UseLargePagesIndividualAllocation        = false                                  {pd product} {ergonomic}

Logging:
Log output configuration:
 #0: stdout all=warning uptime,level,tags
 #1: stderr all=off uptime,level,tags

Environment Variables:
PATH=C:/Program Files/Java/jdk-13.0.2/bin/server;C:/Program Files/Java/jdk-13.0.2/bin;C:\WINDOWS\system32;C:\WINDOWS;C:\WINDOWS\System32\Wbem;C:\WINDOWS\System32\WindowsPowerShell\v1.0\;C:\WINDOWS\System32\OpenSSH\;C:\Program Files\Intel\WiFi\bin\;C:\Program Files\Common Files\Intel\WirelessCommon\;C:\Users\JMKIM\AppData\Local\Microsoft\WindowsApps;;C:\WINDOWS\System32;
USERNAME=JMKIM
OS=Windows_NT
PROCESSOR_IDENTIFIER=AMD64 Family 23 Model 17 Stepping 0, AuthenticAMD



---------------  S Y S T E M  ---------------

OS: Windows 10 , 64 bit Build 18362 (10.0.18362.329)

CPU:total 4 (initial active 4) (4 cores per cpu, 2 threads per core) family 23 model 17 stepping 0, cmov, cx8, fxsr, mmx, sse, sse2, sse3, ssse3, sse4.1, sse4.2, popcnt, avx, avx2, aes, clmul, mmxext, 3dnowpref, lzcnt, sse4a, ht, tsc, tscinvbit, tscinv, bmi1, bmi2, adx, sha, fma

Memory: 4k page, system-wide physical 3529M (447M free)
TotalPageFile size 11967M (AvailPageFile size 6132M)
current process WorkingSet (physical memory assigned to process): 41M, peak: 42M
current process commit charge ("private bytes"): 131M, peak: 134M

vm_info: Java HotSpot(TM) 64-Bit Server VM (13.0.2+8) for windows-amd64 JRE (13.0.2+8), built on Dec 11 2019 09:20:33 by "mach5one" with unknown MS VC++:1916

END.
